/*C63*/SET SCHEMA PUBLIC
INSERT INTO JEU VALUES(1,'Aventure','2021-12-08 01:00:00.000000','Cyberpunk 2077 est un jeu vid\u00e9o d''action-RPG en vue \u00e0 la premi\u00e8re personne, inspir\u00e9 du jeu de r\u00f4le sur table Cyberpunk 2020.','Cyberpunk 2077','CD Projekt Red')
COMMIT
INSERT INTO JEU VALUES(2,'MMORPG','2011-12-20 01:00:00.000000','Star Wars: The Old Republic (prononc\u00e9 SWoTOR) est un jeu vid\u00e9o de r\u00f4le en ligne massivement multijoueur bas\u00e9 sur l''univers \u00e9tendu de Star Wars.','SWTOR','BioWare')
COMMIT
INSERT INTO JEU VALUES(3,'FPS','2016-05-24 02:00:00.000000','blablabla','Overwatch','Blizzard Entertainment')
COMMIT
INSERT INTO JEU VALUES(4,'Jeu de carte','2014-03-11 01:00:00.000000','Hearthstone est un jeu de cartes \u00e0 collectionner en ligne, d\u00e9velopp\u00e9 et \u00e9dit\u00e9 par la soci\u00e9t\u00e9 Blizzard Entertainment. C''est un jeu gratuit s''inspirant de l''univers de fiction.','Hearthstone','Blizzard Entertainment')
COMMIT
INSERT INTO JEU VALUES(5,'Battle Royale','2019-02-04 01:00:00.000000','Apex Legends est un jeu vid\u00e9o de type battle royale de tir \u00e0 la premi\u00e8re personne. ','Apex Legends','Respawn Entertainment')
COMMIT
INSERT INTO JEU VALUES(6,'Aventure','2011-11-18 01:00:00.000000','Minecraft est un univers compos\u00e9 de voxels et g\u00e9n\u00e9r\u00e9 de fa\u00e7on proc\u00e9durale, qui int\u00e8gre un syst\u00e8me d''artisanat ax\u00e9 sur l''exploitation puis la transformation de ressources naturelles.','Minecraft','Mojang Studios')
COMMIT
INSERT INTO JOUEUR VALUES(1,'Fr\u00e9meaux','max59','Maxime','maxlamenace')
COMMIT
INSERT INTO JOUEUR VALUES(2,'Abbas','ueshueshcanapeche','Massar','Massaaaaaarrrr')
COMMIT
/*C64*/SET SCHEMA PUBLIC
INSERT INTO JEU VALUES(56,'Lorem ipsum','2022-01-09 01:00:00.000000','Lorem ipsum dolor sit amet, consectetur adipiscing elit, sed do eiusmod tempor incididunt ut labore et dolore magna aliqua. Ut enim ad minim veniam, quis nostrud exercitation ullamco laboris nisi ut aliquip ex ea commodo consequat. Duis aute irure dolor in reprehenderit in voluptate velit esse cillum dolore eu fugiat nulla pariatur. Excepteur sint occaecat cupidatat non proident, sunt in culpa qui officia deserunt mollit anim id est laborum.','Lorem','Lorem Ipsum')
ALTER SEQUENCE PUBLIC.HIBERNATE_SEQUENCE RESTART WITH 57
COMMIT
DISCONNECT
/*C65*/SET SCHEMA PUBLIC
DISCONNECT
/*C66*/SET SCHEMA PUBLIC
DISCONNECT
/*C67*/SET SCHEMA PUBLIC
DISCONNECT
/*C68*/SET SCHEMA PUBLIC
DISCONNECT
/*C69*/SET SCHEMA PUBLIC
DISCONNECT
/*C70*/SET SCHEMA PUBLIC
DISCONNECT
/*C71*/SET SCHEMA PUBLIC
DISCONNECT
/*C72*/SET SCHEMA PUBLIC
DISCONNECT
/*C73*/SET SCHEMA PUBLIC
DISCONNECT
/*C75*/SET SCHEMA PUBLIC
ALTER SEQUENCE PUBLIC.HIBERNATE_SEQUENCE RESTART WITH 58
/*C74*/SET SCHEMA PUBLIC
INSERT INTO JEU_JOUEURS VALUES(2,1)
COMMIT
INSERT INTO JEU_JOUEURS VALUES(5,1)
COMMIT
INSERT INTO JEU_JOUEURS VALUES(4,1)
COMMIT
INSERT INTO JEU_JOUEURS VALUES(6,1)
COMMIT
DELETE FROM JEU WHERE ID=56
COMMIT
DISCONNECT
/*C75*/DISCONNECT
/*C76*/SET SCHEMA PUBLIC
DISCONNECT
/*C77*/SET SCHEMA PUBLIC
DISCONNECT
/*C78*/SET SCHEMA PUBLIC
DISCONNECT
/*C79*/SET SCHEMA PUBLIC
DISCONNECT
/*C80*/SET SCHEMA PUBLIC
DISCONNECT
/*C81*/SET SCHEMA PUBLIC
DISCONNECT
/*C82*/SET SCHEMA PUBLIC
DISCONNECT
/*C83*/SET SCHEMA PUBLIC
DISCONNECT
/*C84*/SET SCHEMA PUBLIC
DISCONNECT
/*C85*/SET SCHEMA PUBLIC
DISCONNECT
/*C86*/SET SCHEMA PUBLIC
DISCONNECT
/*C87*/SET SCHEMA PUBLIC
DISCONNECT
/*C88*/SET SCHEMA PUBLIC
DISCONNECT
/*C89*/SET SCHEMA PUBLIC
DISCONNECT
/*C90*/SET SCHEMA PUBLIC
DISCONNECT
/*C91*/SET SCHEMA PUBLIC
DISCONNECT
/*C92*/SET SCHEMA PUBLIC
DISCONNECT
/*C93*/SET SCHEMA PUBLIC
DISCONNECT
